<?xml version="1.0" encoding="UTF-8"?>
<testsuite name="org.onlab.packet.IpAddressTest" time="0.051" tests="48" errors="0" skipped="0" failures="0">
  <properties>
    <property name="java.runtime.name" value="Java(TM) SE Runtime Environment"/>
    <property name="sun.boot.library.path" value="/Library/Java/JavaVirtualMachines/jdk1.8.0_60.jdk/Contents/Home/jre/lib"/>
    <property name="java.vm.version" value="25.60-b23"/>
    <property name="gopherProxySet" value="false"/>
    <property name="java.vm.vendor" value="Oracle Corporation"/>
    <property name="maven.multiModuleProjectDirectory" value="/Users/eunhwanpark/GoogleDrive/SW_Maestro_/onos-1.2.0-custom-build"/>
    <property name="java.vendor.url" value="http://java.oracle.com/"/>
    <property name="path.separator" value=":"/>
    <property name="guice.disable.misplaced.annotation.check" value="true"/>
    <property name="java.vm.name" value="Java HotSpot(TM) 64-Bit Server VM"/>
    <property name="file.encoding.pkg" value="sun.io"/>
    <property name="user.country" value="KR"/>
    <property name="sun.java.launcher" value="SUN_STANDARD"/>
    <property name="sun.os.patch.level" value="unknown"/>
    <property name="java.vm.specification.name" value="Java Virtual Machine Specification"/>
    <property name="user.dir" value="/Users/eunhwanpark/GoogleDrive/SW_Maestro_/onos-1.2.0-custom-build"/>
    <property name="java.runtime.version" value="1.8.0_60-b27"/>
    <property name="java.awt.graphicsenv" value="sun.awt.CGraphicsEnvironment"/>
    <property name="java.endorsed.dirs" value="/Library/Java/JavaVirtualMachines/jdk1.8.0_60.jdk/Contents/Home/jre/lib/endorsed"/>
    <property name="os.arch" value="x86_64"/>
    <property name="java.io.tmpdir" value="/var/folders/h7/r0j04dwx47q_xqnln8bqw6yr0000gn/T/"/>
    <property name="line.separator" value="&#10;"/>
    <property name="java.vm.specification.vendor" value="Oracle Corporation"/>
    <property name="os.name" value="Mac OS X"/>
    <property name="classworlds.conf" value="/usr/local/Cellar/maven/3.3.3/libexec/bin/m2.conf"/>
    <property name="sun.jnu.encoding" value="UTF-8"/>
    <property name="java.library.path" value="/Users/eunhwanpark/Library/Java/Extensions:/Library/Java/Extensions:/Network/Library/Java/Extensions:/System/Library/Java/Extensions:/usr/lib/java:."/>
    <property name="java.specification.name" value="Java Platform API Specification"/>
    <property name="java.class.version" value="52.0"/>
    <property name="sun.management.compiler" value="HotSpot 64-Bit Tiered Compilers"/>
    <property name="os.version" value="10.11"/>
    <property name="http.nonProxyHosts" value="local|*.local|169.254/16|*.169.254/16"/>
    <property name="user.home" value="/Users/eunhwanpark"/>
    <property name="user.timezone" value="Asia/Seoul"/>
    <property name="java.awt.printerjob" value="sun.lwawt.macosx.CPrinterJob"/>
    <property name="java.specification.version" value="1.8"/>
    <property name="file.encoding" value="UTF-8"/>
    <property name="user.name" value="eunhwanpark"/>
    <property name="java.class.path" value="/usr/local/Cellar/maven/3.3.3/libexec/boot/plexus-classworlds-2.5.2.jar"/>
    <property name="java.vm.specification.version" value="1.8"/>
    <property name="sun.arch.data.model" value="64"/>
    <property name="java.home" value="/Library/Java/JavaVirtualMachines/jdk1.8.0_60.jdk/Contents/Home/jre"/>
    <property name="sun.java.command" value="org.codehaus.plexus.classworlds.launcher.Launcher clean install"/>
    <property name="java.specification.vendor" value="Oracle Corporation"/>
    <property name="user.language" value="ko"/>
    <property name="awt.toolkit" value="sun.lwawt.macosx.LWCToolkit"/>
    <property name="java.vm.info" value="mixed mode"/>
    <property name="java.version" value="1.8.0_60"/>
    <property name="java.ext.dirs" value="/Users/eunhwanpark/Library/Java/Extensions:/Library/Java/JavaVirtualMachines/jdk1.8.0_60.jdk/Contents/Home/jre/lib/ext:/Library/Java/Extensions:/Network/Library/Java/Extensions:/System/Library/Java/Extensions:/usr/lib/java"/>
    <property name="sun.boot.class.path" value="/Library/Java/JavaVirtualMachines/jdk1.8.0_60.jdk/Contents/Home/jre/lib/resources.jar:/Library/Java/JavaVirtualMachines/jdk1.8.0_60.jdk/Contents/Home/jre/lib/rt.jar:/Library/Java/JavaVirtualMachines/jdk1.8.0_60.jdk/Contents/Home/jre/lib/sunrsasign.jar:/Library/Java/JavaVirtualMachines/jdk1.8.0_60.jdk/Contents/Home/jre/lib/jsse.jar:/Library/Java/JavaVirtualMachines/jdk1.8.0_60.jdk/Contents/Home/jre/lib/jce.jar:/Library/Java/JavaVirtualMachines/jdk1.8.0_60.jdk/Contents/Home/jre/lib/charsets.jar:/Library/Java/JavaVirtualMachines/jdk1.8.0_60.jdk/Contents/Home/jre/lib/jfr.jar:/Library/Java/JavaVirtualMachines/jdk1.8.0_60.jdk/Contents/Home/jre/classes"/>
    <property name="java.vendor" value="Oracle Corporation"/>
    <property name="maven.home" value="/usr/local/Cellar/maven/3.3.3/libexec"/>
    <property name="file.separator" value="/"/>
    <property name="java.vendor.url.bug" value="http://bugreport.sun.com/bugreport/"/>
    <property name="sun.cpu.endian" value="little"/>
    <property name="sun.io.unicode.encoding" value="UnicodeBig"/>
    <property name="socksNonProxyHosts" value="local|*.local|169.254/16|*.169.254/16"/>
    <property name="ftp.nonProxyHosts" value="local|*.local|169.254/16|*.169.254/16"/>
    <property name="sun.cpu.isalist" value=""/>
  </properties>
  <testcase name="testInvalidMakeNegativeMaskedAddressIPv4" classname="org.onlab.packet.IpAddressTest" time="0"/>
  <testcase name="testInvalidMakeNegativeMaskedAddressIPv6" classname="org.onlab.packet.IpAddressTest" time="0"/>
  <testcase name="testImmutable" classname="org.onlab.packet.IpAddressTest" time="0.001"/>
  <testcase name="testGetIp4AndIp6AddressView" classname="org.onlab.packet.IpAddressTest" time="0"/>
  <testcase name="testComparisonIPv4" classname="org.onlab.packet.IpAddressTest" time="0"/>
  <testcase name="testComparisonIPv6" classname="org.onlab.packet.IpAddressTest" time="0"/>
  <testcase name="testInvalidMakeNegativeMaskPrefixIPv4" classname="org.onlab.packet.IpAddressTest" time="0"/>
  <testcase name="testInvalidMakeNegativeMaskPrefixIPv6" classname="org.onlab.packet.IpAddressTest" time="0"/>
  <testcase name="testValueOfForIntegerIPv4" classname="org.onlab.packet.IpAddressTest" time="0"/>
  <testcase name="testValueOfByteArrayOffsetIPv4" classname="org.onlab.packet.IpAddressTest" time="0"/>
  <testcase name="testValueOfByteArrayOffsetIPv6" classname="org.onlab.packet.IpAddressTest" time="0.004"/>
  <testcase name="testIsIp4" classname="org.onlab.packet.IpAddressTest" time="0"/>
  <testcase name="testIsIp6" classname="org.onlab.packet.IpAddressTest" time="0"/>
  <testcase name="testMakeMaskPrefixIPv4" classname="org.onlab.packet.IpAddressTest" time="0"/>
  <testcase name="testMakeMaskPrefixIPv6" classname="org.onlab.packet.IpAddressTest" time="0.001"/>
  <testcase name="testIsZeroIPv4" classname="org.onlab.packet.IpAddressTest" time="0.001"/>
  <testcase name="testIsZeroIPv6" classname="org.onlab.packet.IpAddressTest" time="0"/>
  <testcase name="testInvalidValueOfNullArrayIPv4" classname="org.onlab.packet.IpAddressTest" time="0"/>
  <testcase name="testInvalidValueOfNullArrayIPv6" classname="org.onlab.packet.IpAddressTest" time="0.001"/>
  <testcase name="testAddressToOctetsIPv4" classname="org.onlab.packet.IpAddressTest" time="0"/>
  <testcase name="testAddressToOctetsIPv6" classname="org.onlab.packet.IpAddressTest" time="0"/>
  <testcase name="testInvalidValueOfShortArrayIPv4" classname="org.onlab.packet.IpAddressTest" time="0"/>
  <testcase name="testInvalidValueOfShortArrayIPv6" classname="org.onlab.packet.IpAddressTest" time="0"/>
  <testcase name="testValueOfByteArrayIPv4" classname="org.onlab.packet.IpAddressTest" time="0"/>
  <testcase name="testValueOfByteArrayIPv6" classname="org.onlab.packet.IpAddressTest" time="0.001"/>
  <testcase name="testInvalidMakeTooLongMaskPrefixIPv4" classname="org.onlab.packet.IpAddressTest" time="0"/>
  <testcase name="testInvalidMakeTooLongMaskPrefixIPv6" classname="org.onlab.packet.IpAddressTest" time="0.001"/>
  <testcase name="testIsSelfAssignedIpv4" classname="org.onlab.packet.IpAddressTest" time="0"/>
  <testcase name="testInvalidMakeTooLongMaskedAddressIPv4" classname="org.onlab.packet.IpAddressTest" time="0"/>
  <testcase name="testInvalidMakeTooLongMaskedAddressIPv6" classname="org.onlab.packet.IpAddressTest" time="0"/>
  <testcase name="testVersion" classname="org.onlab.packet.IpAddressTest" time="0"/>
  <testcase name="testAddrBitLength" classname="org.onlab.packet.IpAddressTest" time="0"/>
  <testcase name="testEqualityIPv4" classname="org.onlab.packet.IpAddressTest" time="0.003"/>
  <testcase name="testEqualityIPv6" classname="org.onlab.packet.IpAddressTest" time="0.023"/>
  <testcase name="testValueOfInetAddressIPv4" classname="org.onlab.packet.IpAddressTest" time="0"/>
  <testcase name="testValueOfInetAddressIPv6" classname="org.onlab.packet.IpAddressTest" time="0.001"/>
  <testcase name="testValueOfStringIPv4" classname="org.onlab.packet.IpAddressTest" time="0.001"/>
  <testcase name="testValueOfStringIPv6" classname="org.onlab.packet.IpAddressTest" time="0.002"/>
  <testcase name="testInvalidValueOfNullString" classname="org.onlab.packet.IpAddressTest" time="0.004"/>
  <testcase name="testAddrByteLength" classname="org.onlab.packet.IpAddressTest" time="0"/>
  <testcase name="testMakeMaskedAddressIPv4" classname="org.onlab.packet.IpAddressTest" time="0.001"/>
  <testcase name="testMakeMaskedAddressIPv6" classname="org.onlab.packet.IpAddressTest" time="0"/>
  <testcase name="testToStringIPv4" classname="org.onlab.packet.IpAddressTest" time="0.001"/>
  <testcase name="testToStringIPv6" classname="org.onlab.packet.IpAddressTest" time="0.003"/>
  <testcase name="testInvalidValueOfEmptyString" classname="org.onlab.packet.IpAddressTest" time="0.001"/>
  <testcase name="testInvalidValueOfArrayInvalidOffsetIPv4" classname="org.onlab.packet.IpAddressTest" time="0"/>
  <testcase name="testInvalidValueOfArrayInvalidOffsetIPv6" classname="org.onlab.packet.IpAddressTest" time="0"/>
  <testcase name="testInvalidValueOfIncorrectString" classname="org.onlab.packet.IpAddressTest" time="0.001"/>
</testsuite>