<?xml version="1.0" encoding="UTF-8"?>
<testsuite name="org.onlab.packet.IpAddressTest" time="0.038" tests="48" errors="0" skipped="0" failures="0">
  <properties>
    <property name="java.runtime.name" value="Java(TM) SE Runtime Environment"/>
    <property name="sun.boot.library.path" value="/usr/lib/jvm/java-8-oracle/jre/lib/amd64"/>
    <property name="java.vm.version" value="25.60-b23"/>
    <property name="java.vm.vendor" value="Oracle Corporation"/>
    <property name="java.vendor.url" value="http://java.oracle.com/"/>
    <property name="path.separator" value=":"/>
    <property name="guice.disable.misplaced.annotation.check" value="true"/>
    <property name="java.vm.name" value="Java HotSpot(TM) 64-Bit Server VM"/>
    <property name="file.encoding.pkg" value="sun.io"/>
    <property name="user.country" value="US"/>
    <property name="sun.java.launcher" value="SUN_STANDARD"/>
    <property name="sun.os.patch.level" value="unknown"/>
    <property name="java.vm.specification.name" value="Java Virtual Machine Specification"/>
    <property name="user.dir" value="/home/parallels/onos-1.2.0-build"/>
    <property name="java.runtime.version" value="1.8.0_60-b27"/>
    <property name="java.awt.graphicsenv" value="sun.awt.X11GraphicsEnvironment"/>
    <property name="java.endorsed.dirs" value="/usr/lib/jvm/java-8-oracle/jre/lib/endorsed"/>
    <property name="os.arch" value="amd64"/>
    <property name="java.io.tmpdir" value="/tmp"/>
    <property name="line.separator" value="&#10;"/>
    <property name="java.vm.specification.vendor" value="Oracle Corporation"/>
    <property name="os.name" value="Linux"/>
    <property name="classworlds.conf" value="/usr/share/maven/bin/m2.conf"/>
    <property name="sun.jnu.encoding" value="UTF-8"/>
    <property name="java.library.path" value="/usr/java/packages/lib/amd64:/usr/lib64:/lib64:/lib:/usr/lib"/>
    <property name="java.specification.name" value="Java Platform API Specification"/>
    <property name="java.class.version" value="52.0"/>
    <property name="sun.management.compiler" value="HotSpot 64-Bit Tiered Compilers"/>
    <property name="os.version" value="3.13.0-34-generic"/>
    <property name="user.home" value="/home/parallels"/>
    <property name="user.timezone" value="America/Los_Angeles"/>
    <property name="java.awt.printerjob" value="sun.print.PSPrinterJob"/>
    <property name="file.encoding" value="UTF-8"/>
    <property name="java.specification.version" value="1.8"/>
    <property name="user.name" value="parallels"/>
    <property name="java.class.path" value="/usr/share/maven/boot/plexus-classworlds-2.x.jar"/>
    <property name="java.vm.specification.version" value="1.8"/>
    <property name="sun.arch.data.model" value="64"/>
    <property name="java.home" value="/usr/lib/jvm/java-8-oracle/jre"/>
    <property name="sun.java.command" value="org.codehaus.plexus.classworlds.launcher.Launcher clean install"/>
    <property name="java.specification.vendor" value="Oracle Corporation"/>
    <property name="user.language" value="en"/>
    <property name="awt.toolkit" value="sun.awt.X11.XToolkit"/>
    <property name="java.vm.info" value="mixed mode"/>
    <property name="java.version" value="1.8.0_60"/>
    <property name="java.ext.dirs" value="/usr/lib/jvm/java-8-oracle/jre/lib/ext:/usr/java/packages/lib/ext"/>
    <property name="securerandom.source" value="file:/dev/./urandom"/>
    <property name="sun.boot.class.path" value="/usr/lib/jvm/java-8-oracle/jre/lib/resources.jar:/usr/lib/jvm/java-8-oracle/jre/lib/rt.jar:/usr/lib/jvm/java-8-oracle/jre/lib/sunrsasign.jar:/usr/lib/jvm/java-8-oracle/jre/lib/jsse.jar:/usr/lib/jvm/java-8-oracle/jre/lib/jce.jar:/usr/lib/jvm/java-8-oracle/jre/lib/charsets.jar:/usr/lib/jvm/java-8-oracle/jre/lib/jfr.jar:/usr/lib/jvm/java-8-oracle/jre/classes"/>
    <property name="java.vendor" value="Oracle Corporation"/>
    <property name="maven.home" value="/usr/share/maven"/>
    <property name="file.separator" value="/"/>
    <property name="java.vendor.url.bug" value="http://bugreport.sun.com/bugreport/"/>
    <property name="sun.cpu.endian" value="little"/>
    <property name="sun.io.unicode.encoding" value="UnicodeLittle"/>
    <property name="sun.desktop" value="gnome"/>
    <property name="sun.cpu.isalist" value=""/>
  </properties>
  <testcase name="testInvalidMakeNegativeMaskedAddressIPv4" classname="org.onlab.packet.IpAddressTest" time="0.001"/>
  <testcase name="testInvalidMakeNegativeMaskedAddressIPv6" classname="org.onlab.packet.IpAddressTest" time="0"/>
  <testcase name="testImmutable" classname="org.onlab.packet.IpAddressTest" time="0"/>
  <testcase name="testGetIp4AndIp6AddressView" classname="org.onlab.packet.IpAddressTest" time="0.006"/>
  <testcase name="testComparisonIPv4" classname="org.onlab.packet.IpAddressTest" time="0"/>
  <testcase name="testComparisonIPv6" classname="org.onlab.packet.IpAddressTest" time="0"/>
  <testcase name="testInvalidMakeNegativeMaskPrefixIPv4" classname="org.onlab.packet.IpAddressTest" time="0"/>
  <testcase name="testInvalidMakeNegativeMaskPrefixIPv6" classname="org.onlab.packet.IpAddressTest" time="0.001"/>
  <testcase name="testValueOfForIntegerIPv4" classname="org.onlab.packet.IpAddressTest" time="0"/>
  <testcase name="testValueOfByteArrayOffsetIPv4" classname="org.onlab.packet.IpAddressTest" time="0"/>
  <testcase name="testValueOfByteArrayOffsetIPv6" classname="org.onlab.packet.IpAddressTest" time="0"/>
  <testcase name="testIsIp4" classname="org.onlab.packet.IpAddressTest" time="0"/>
  <testcase name="testIsIp6" classname="org.onlab.packet.IpAddressTest" time="0"/>
  <testcase name="testMakeMaskPrefixIPv4" classname="org.onlab.packet.IpAddressTest" time="0"/>
  <testcase name="testMakeMaskPrefixIPv6" classname="org.onlab.packet.IpAddressTest" time="0"/>
  <testcase name="testIsZeroIPv4" classname="org.onlab.packet.IpAddressTest" time="0.005"/>
  <testcase name="testIsZeroIPv6" classname="org.onlab.packet.IpAddressTest" time="0"/>
  <testcase name="testInvalidValueOfNullArrayIPv4" classname="org.onlab.packet.IpAddressTest" time="0.001"/>
  <testcase name="testInvalidValueOfNullArrayIPv6" classname="org.onlab.packet.IpAddressTest" time="0"/>
  <testcase name="testAddressToOctetsIPv4" classname="org.onlab.packet.IpAddressTest" time="0.001"/>
  <testcase name="testAddressToOctetsIPv6" classname="org.onlab.packet.IpAddressTest" time="0"/>
  <testcase name="testInvalidValueOfShortArrayIPv4" classname="org.onlab.packet.IpAddressTest" time="0"/>
  <testcase name="testInvalidValueOfShortArrayIPv6" classname="org.onlab.packet.IpAddressTest" time="0"/>
  <testcase name="testValueOfByteArrayIPv4" classname="org.onlab.packet.IpAddressTest" time="0.001"/>
  <testcase name="testValueOfByteArrayIPv6" classname="org.onlab.packet.IpAddressTest" time="0"/>
  <testcase name="testInvalidMakeTooLongMaskPrefixIPv4" classname="org.onlab.packet.IpAddressTest" time="0.001"/>
  <testcase name="testInvalidMakeTooLongMaskPrefixIPv6" classname="org.onlab.packet.IpAddressTest" time="0"/>
  <testcase name="testIsSelfAssignedIpv4" classname="org.onlab.packet.IpAddressTest" time="0.001"/>
  <testcase name="testInvalidMakeTooLongMaskedAddressIPv4" classname="org.onlab.packet.IpAddressTest" time="0.001"/>
  <testcase name="testInvalidMakeTooLongMaskedAddressIPv6" classname="org.onlab.packet.IpAddressTest" time="0"/>
  <testcase name="testVersion" classname="org.onlab.packet.IpAddressTest" time="0.003"/>
  <testcase name="testAddrBitLength" classname="org.onlab.packet.IpAddressTest" time="0"/>
  <testcase name="testEqualityIPv4" classname="org.onlab.packet.IpAddressTest" time="0.003"/>
  <testcase name="testEqualityIPv6" classname="org.onlab.packet.IpAddressTest" time="0.009"/>
  <testcase name="testValueOfInetAddressIPv4" classname="org.onlab.packet.IpAddressTest" time="0"/>
  <testcase name="testValueOfInetAddressIPv6" classname="org.onlab.packet.IpAddressTest" time="0"/>
  <testcase name="testValueOfStringIPv4" classname="org.onlab.packet.IpAddressTest" time="0.001"/>
  <testcase name="testValueOfStringIPv6" classname="org.onlab.packet.IpAddressTest" time="0"/>
  <testcase name="testInvalidValueOfNullString" classname="org.onlab.packet.IpAddressTest" time="0.001"/>
  <testcase name="testAddrByteLength" classname="org.onlab.packet.IpAddressTest" time="0"/>
  <testcase name="testMakeMaskedAddressIPv4" classname="org.onlab.packet.IpAddressTest" time="0"/>
  <testcase name="testMakeMaskedAddressIPv6" classname="org.onlab.packet.IpAddressTest" time="0"/>
  <testcase name="testToStringIPv4" classname="org.onlab.packet.IpAddressTest" time="0"/>
  <testcase name="testToStringIPv6" classname="org.onlab.packet.IpAddressTest" time="0.001"/>
  <testcase name="testInvalidValueOfEmptyString" classname="org.onlab.packet.IpAddressTest" time="0"/>
  <testcase name="testInvalidValueOfArrayInvalidOffsetIPv4" classname="org.onlab.packet.IpAddressTest" time="0"/>
  <testcase name="testInvalidValueOfArrayInvalidOffsetIPv6" classname="org.onlab.packet.IpAddressTest" time="0"/>
  <testcase name="testInvalidValueOfIncorrectString" classname="org.onlab.packet.IpAddressTest" time="0.001"/>
</testsuite>