<?xml version="1.0" encoding="UTF-8"?>
<testsuite name="org.onosproject.net.flow.instructions.InstructionsTest" time="0.017" tests="47" errors="0" skipped="0" failures="0">
  <properties>
    <property name="java.runtime.name" value="Java(TM) SE Runtime Environment"/>
    <property name="sun.boot.library.path" value="/Library/Java/JavaVirtualMachines/jdk1.8.0_60.jdk/Contents/Home/jre/lib"/>
    <property name="java.vm.version" value="25.60-b23"/>
    <property name="gopherProxySet" value="false"/>
    <property name="java.vm.vendor" value="Oracle Corporation"/>
    <property name="maven.multiModuleProjectDirectory" value="/Users/eunhwanpark/GoogleDrive/SW_Maestro_/onos-1.2.0-custom-build"/>
    <property name="java.vendor.url" value="http://java.oracle.com/"/>
    <property name="path.separator" value=":"/>
    <property name="guice.disable.misplaced.annotation.check" value="true"/>
    <property name="java.vm.name" value="Java HotSpot(TM) 64-Bit Server VM"/>
    <property name="file.encoding.pkg" value="sun.io"/>
    <property name="user.country" value="KR"/>
    <property name="sun.java.launcher" value="SUN_STANDARD"/>
    <property name="sun.os.patch.level" value="unknown"/>
    <property name="java.vm.specification.name" value="Java Virtual Machine Specification"/>
    <property name="user.dir" value="/Users/eunhwanpark/GoogleDrive/SW_Maestro_/onos-1.2.0-custom-build"/>
    <property name="java.runtime.version" value="1.8.0_60-b27"/>
    <property name="java.awt.graphicsenv" value="sun.awt.CGraphicsEnvironment"/>
    <property name="java.endorsed.dirs" value="/Library/Java/JavaVirtualMachines/jdk1.8.0_60.jdk/Contents/Home/jre/lib/endorsed"/>
    <property name="os.arch" value="x86_64"/>
    <property name="java.io.tmpdir" value="/var/folders/h7/r0j04dwx47q_xqnln8bqw6yr0000gn/T/"/>
    <property name="line.separator" value="&#10;"/>
    <property name="java.vm.specification.vendor" value="Oracle Corporation"/>
    <property name="os.name" value="Mac OS X"/>
    <property name="classworlds.conf" value="/usr/local/Cellar/maven/3.3.3/libexec/bin/m2.conf"/>
    <property name="sun.jnu.encoding" value="UTF-8"/>
    <property name="java.library.path" value="/Users/eunhwanpark/Library/Java/Extensions:/Library/Java/Extensions:/Network/Library/Java/Extensions:/System/Library/Java/Extensions:/usr/lib/java:."/>
    <property name="java.specification.name" value="Java Platform API Specification"/>
    <property name="java.class.version" value="52.0"/>
    <property name="sun.management.compiler" value="HotSpot 64-Bit Tiered Compilers"/>
    <property name="os.version" value="10.11"/>
    <property name="http.nonProxyHosts" value="local|*.local|169.254/16|*.169.254/16"/>
    <property name="user.home" value="/Users/eunhwanpark"/>
    <property name="user.timezone" value="Asia/Seoul"/>
    <property name="java.awt.printerjob" value="sun.lwawt.macosx.CPrinterJob"/>
    <property name="java.specification.version" value="1.8"/>
    <property name="file.encoding" value="UTF-8"/>
    <property name="user.name" value="eunhwanpark"/>
    <property name="java.class.path" value="/usr/local/Cellar/maven/3.3.3/libexec/boot/plexus-classworlds-2.5.2.jar"/>
    <property name="java.vm.specification.version" value="1.8"/>
    <property name="sun.arch.data.model" value="64"/>
    <property name="java.home" value="/Library/Java/JavaVirtualMachines/jdk1.8.0_60.jdk/Contents/Home/jre"/>
    <property name="sun.java.command" value="org.codehaus.plexus.classworlds.launcher.Launcher clean install"/>
    <property name="java.specification.vendor" value="Oracle Corporation"/>
    <property name="user.language" value="ko"/>
    <property name="awt.toolkit" value="sun.lwawt.macosx.LWCToolkit"/>
    <property name="java.vm.info" value="mixed mode"/>
    <property name="java.version" value="1.8.0_60"/>
    <property name="java.ext.dirs" value="/Users/eunhwanpark/Library/Java/Extensions:/Library/Java/JavaVirtualMachines/jdk1.8.0_60.jdk/Contents/Home/jre/lib/ext:/Library/Java/Extensions:/Network/Library/Java/Extensions:/System/Library/Java/Extensions:/usr/lib/java"/>
    <property name="sun.boot.class.path" value="/Library/Java/JavaVirtualMachines/jdk1.8.0_60.jdk/Contents/Home/jre/lib/resources.jar:/Library/Java/JavaVirtualMachines/jdk1.8.0_60.jdk/Contents/Home/jre/lib/rt.jar:/Library/Java/JavaVirtualMachines/jdk1.8.0_60.jdk/Contents/Home/jre/lib/sunrsasign.jar:/Library/Java/JavaVirtualMachines/jdk1.8.0_60.jdk/Contents/Home/jre/lib/jsse.jar:/Library/Java/JavaVirtualMachines/jdk1.8.0_60.jdk/Contents/Home/jre/lib/jce.jar:/Library/Java/JavaVirtualMachines/jdk1.8.0_60.jdk/Contents/Home/jre/lib/charsets.jar:/Library/Java/JavaVirtualMachines/jdk1.8.0_60.jdk/Contents/Home/jre/lib/jfr.jar:/Library/Java/JavaVirtualMachines/jdk1.8.0_60.jdk/Contents/Home/jre/classes"/>
    <property name="java.vendor" value="Oracle Corporation"/>
    <property name="maven.home" value="/usr/local/Cellar/maven/3.3.3/libexec"/>
    <property name="file.separator" value="/"/>
    <property name="java.vendor.url.bug" value="http://bugreport.sun.com/bugreport/"/>
    <property name="sun.cpu.endian" value="little"/>
    <property name="sun.io.unicode.encoding" value="UnicodeBig"/>
    <property name="socksNonProxyHosts" value="local|*.local|169.254/16|*.169.254/16"/>
    <property name="ftp.nonProxyHosts" value="local|*.local|169.254/16|*.169.254/16"/>
    <property name="sun.cpu.isalist" value=""/>
  </properties>
  <testcase name="testModL2SrcMethod" classname="org.onosproject.net.flow.instructions.InstructionsTest" time="0"/>
  <testcase name="testModOchSignalInstructionHashCode" classname="org.onosproject.net.flow.instructions.InstructionsTest" time="0.001"/>
  <testcase name="testModTcpSrcMethod" classname="org.onosproject.net.flow.instructions.InstructionsTest" time="0"/>
  <testcase name="testModLambdaInstructionEquals" classname="org.onosproject.net.flow.instructions.InstructionsTest" time="0"/>
  <testcase name="testModIPv6FlowLabelInstructionHashCode" classname="org.onosproject.net.flow.instructions.InstructionsTest" time="0"/>
  <testcase name="testCreateLambdaMethod" classname="org.onosproject.net.flow.instructions.InstructionsTest" time="0"/>
  <testcase name="testModEtherInstructionHashCode" classname="org.onosproject.net.flow.instructions.InstructionsTest" time="0"/>
  <testcase name="testModL3DstMethod" classname="org.onosproject.net.flow.instructions.InstructionsTest" time="0"/>
  <testcase name="testModOduSignalIdInstructionEquals" classname="org.onosproject.net.flow.instructions.InstructionsTest" time="0.001"/>
  <testcase name="testOutputInstructionHashCode" classname="org.onosproject.net.flow.instructions.InstructionsTest" time="0"/>
  <testcase name="testModLambdaInstructionHashCode" classname="org.onosproject.net.flow.instructions.InstructionsTest" time="0"/>
  <testcase name="testModL2DstMethod" classname="org.onosproject.net.flow.instructions.InstructionsTest" time="0"/>
  <testcase name="testModEtherInstructionEquals" classname="org.onosproject.net.flow.instructions.InstructionsTest" time="0.001"/>
  <testcase name="testModVlanIdMethod" classname="org.onosproject.net.flow.instructions.InstructionsTest" time="0"/>
  <testcase name="testModTcpDstMethod" classname="org.onosproject.net.flow.instructions.InstructionsTest" time="0"/>
  <testcase name="testModMplsLabelInstructionEquals" classname="org.onosproject.net.flow.instructions.InstructionsTest" time="0.001"/>
  <testcase name="testModTunnelIdMethod" classname="org.onosproject.net.flow.instructions.InstructionsTest" time="0"/>
  <testcase name="testModTransportPortInstructionEquals" classname="org.onosproject.net.flow.instructions.InstructionsTest" time="0.001"/>
  <testcase name="testInstructionsUtilityClass" classname="org.onosproject.net.flow.instructions.InstructionsTest" time="0.003"/>
  <testcase name="testModL3IPv6FlowLabelMethod" classname="org.onosproject.net.flow.instructions.InstructionsTest" time="0"/>
  <testcase name="testModVlanPcpMethod" classname="org.onosproject.net.flow.instructions.InstructionsTest" time="0"/>
  <testcase name="testModL3IPv6SrcMethod" classname="org.onosproject.net.flow.instructions.InstructionsTest" time="0"/>
  <testcase name="testDropInstructionHashCode" classname="org.onosproject.net.flow.instructions.InstructionsTest" time="0"/>
  <testcase name="testModVlanPcpInstructionHashCode" classname="org.onosproject.net.flow.instructions.InstructionsTest" time="0"/>
  <testcase name="testModMplsMethod" classname="org.onosproject.net.flow.instructions.InstructionsTest" time="0"/>
  <testcase name="testModVlanIdInstructionHashCode" classname="org.onosproject.net.flow.instructions.InstructionsTest" time="0.001"/>
  <testcase name="testDropInstructionEquals" classname="org.onosproject.net.flow.instructions.InstructionsTest" time="0"/>
  <testcase name="testCreateOutputMethod" classname="org.onosproject.net.flow.instructions.InstructionsTest" time="0"/>
  <testcase name="testModIPInstructionEquals" classname="org.onosproject.net.flow.instructions.InstructionsTest" time="0.001"/>
  <testcase name="testModL1OduSignalIdMethod" classname="org.onosproject.net.flow.instructions.InstructionsTest" time="0"/>
  <testcase name="testModTransportPortInstructionHashCode" classname="org.onosproject.net.flow.instructions.InstructionsTest" time="0"/>
  <testcase name="testModTunnelIdInstructionEquals" classname="org.onosproject.net.flow.instructions.InstructionsTest" time="0.001"/>
  <testcase name="testModVlanPcpInstructionEquals" classname="org.onosproject.net.flow.instructions.InstructionsTest" time="0"/>
  <testcase name="testModIPv6FlowLabelInstructionEquals" classname="org.onosproject.net.flow.instructions.InstructionsTest" time="0.001"/>
  <testcase name="testModL0LambdaMethod" classname="org.onosproject.net.flow.instructions.InstructionsTest" time="0.001"/>
  <testcase name="testModOchSignalInstructionEquals" classname="org.onosproject.net.flow.instructions.InstructionsTest" time="0.001"/>
  <testcase name="testModOduSignalIdInstructionHashCode" classname="org.onosproject.net.flow.instructions.InstructionsTest" time="0"/>
  <testcase name="testImmutabilityOfInstructions" classname="org.onosproject.net.flow.instructions.InstructionsTest" time="0.002"/>
  <testcase name="testModVlanIdInstructionEquals" classname="org.onosproject.net.flow.instructions.InstructionsTest" time="0"/>
  <testcase name="testModL3IPv6DstMethod" classname="org.onosproject.net.flow.instructions.InstructionsTest" time="0"/>
  <testcase name="testModIPInstructionHashCode" classname="org.onosproject.net.flow.instructions.InstructionsTest" time="0"/>
  <testcase name="testModUdpSrcMethod" classname="org.onosproject.net.flow.instructions.InstructionsTest" time="0"/>
  <testcase name="testModTunnelIdInstructionHashCode" classname="org.onosproject.net.flow.instructions.InstructionsTest" time="0"/>
  <testcase name="testCreateDropMethod" classname="org.onosproject.net.flow.instructions.InstructionsTest" time="0"/>
  <testcase name="testModUdpDstMethod" classname="org.onosproject.net.flow.instructions.InstructionsTest" time="0"/>
  <testcase name="testOutputInstructionEquals" classname="org.onosproject.net.flow.instructions.InstructionsTest" time="0.001"/>
  <testcase name="testModL3SrcMethod" classname="org.onosproject.net.flow.instructions.InstructionsTest" time="0"/>
</testsuite>