<?xml version="1.0" encoding="UTF-8"?>
<testsuite name="org.onosproject.net.flow.instructions.InstructionsTest" time="0.07" tests="47" errors="0" skipped="0" failures="0">
  <properties>
    <property name="java.runtime.name" value="Java(TM) SE Runtime Environment"/>
    <property name="sun.boot.library.path" value="/usr/lib/jvm/java-8-oracle/jre/lib/amd64"/>
    <property name="java.vm.version" value="25.60-b23"/>
    <property name="java.vm.vendor" value="Oracle Corporation"/>
    <property name="java.vendor.url" value="http://java.oracle.com/"/>
    <property name="path.separator" value=":"/>
    <property name="guice.disable.misplaced.annotation.check" value="true"/>
    <property name="java.vm.name" value="Java HotSpot(TM) 64-Bit Server VM"/>
    <property name="file.encoding.pkg" value="sun.io"/>
    <property name="user.country" value="US"/>
    <property name="sun.java.launcher" value="SUN_STANDARD"/>
    <property name="sun.os.patch.level" value="unknown"/>
    <property name="java.vm.specification.name" value="Java Virtual Machine Specification"/>
    <property name="user.dir" value="/home/parallels/onos-1.2.0-build"/>
    <property name="java.runtime.version" value="1.8.0_60-b27"/>
    <property name="java.awt.graphicsenv" value="sun.awt.X11GraphicsEnvironment"/>
    <property name="java.endorsed.dirs" value="/usr/lib/jvm/java-8-oracle/jre/lib/endorsed"/>
    <property name="os.arch" value="amd64"/>
    <property name="java.io.tmpdir" value="/tmp"/>
    <property name="line.separator" value="&#10;"/>
    <property name="java.vm.specification.vendor" value="Oracle Corporation"/>
    <property name="os.name" value="Linux"/>
    <property name="classworlds.conf" value="/usr/share/maven/bin/m2.conf"/>
    <property name="sun.jnu.encoding" value="UTF-8"/>
    <property name="java.library.path" value="/usr/java/packages/lib/amd64:/usr/lib64:/lib64:/lib:/usr/lib"/>
    <property name="java.specification.name" value="Java Platform API Specification"/>
    <property name="java.class.version" value="52.0"/>
    <property name="sun.management.compiler" value="HotSpot 64-Bit Tiered Compilers"/>
    <property name="os.version" value="3.13.0-34-generic"/>
    <property name="user.home" value="/home/parallels"/>
    <property name="user.timezone" value="America/Los_Angeles"/>
    <property name="java.awt.printerjob" value="sun.print.PSPrinterJob"/>
    <property name="file.encoding" value="UTF-8"/>
    <property name="java.specification.version" value="1.8"/>
    <property name="user.name" value="parallels"/>
    <property name="java.class.path" value="/usr/share/maven/boot/plexus-classworlds-2.x.jar"/>
    <property name="java.vm.specification.version" value="1.8"/>
    <property name="sun.arch.data.model" value="64"/>
    <property name="java.home" value="/usr/lib/jvm/java-8-oracle/jre"/>
    <property name="sun.java.command" value="org.codehaus.plexus.classworlds.launcher.Launcher clean install"/>
    <property name="java.specification.vendor" value="Oracle Corporation"/>
    <property name="user.language" value="en"/>
    <property name="awt.toolkit" value="sun.awt.X11.XToolkit"/>
    <property name="java.vm.info" value="mixed mode"/>
    <property name="java.version" value="1.8.0_60"/>
    <property name="java.ext.dirs" value="/usr/lib/jvm/java-8-oracle/jre/lib/ext:/usr/java/packages/lib/ext"/>
    <property name="securerandom.source" value="file:/dev/./urandom"/>
    <property name="sun.boot.class.path" value="/usr/lib/jvm/java-8-oracle/jre/lib/resources.jar:/usr/lib/jvm/java-8-oracle/jre/lib/rt.jar:/usr/lib/jvm/java-8-oracle/jre/lib/sunrsasign.jar:/usr/lib/jvm/java-8-oracle/jre/lib/jsse.jar:/usr/lib/jvm/java-8-oracle/jre/lib/jce.jar:/usr/lib/jvm/java-8-oracle/jre/lib/charsets.jar:/usr/lib/jvm/java-8-oracle/jre/lib/jfr.jar:/usr/lib/jvm/java-8-oracle/jre/classes"/>
    <property name="java.vendor" value="Oracle Corporation"/>
    <property name="maven.home" value="/usr/share/maven"/>
    <property name="file.separator" value="/"/>
    <property name="java.vendor.url.bug" value="http://bugreport.sun.com/bugreport/"/>
    <property name="sun.cpu.endian" value="little"/>
    <property name="sun.io.unicode.encoding" value="UnicodeLittle"/>
    <property name="sun.desktop" value="gnome"/>
    <property name="sun.cpu.isalist" value=""/>
  </properties>
  <testcase name="testModL2SrcMethod" classname="org.onosproject.net.flow.instructions.InstructionsTest" time="0"/>
  <testcase name="testModOchSignalInstructionHashCode" classname="org.onosproject.net.flow.instructions.InstructionsTest" time="0"/>
  <testcase name="testModTcpSrcMethod" classname="org.onosproject.net.flow.instructions.InstructionsTest" time="0.001"/>
  <testcase name="testModLambdaInstructionEquals" classname="org.onosproject.net.flow.instructions.InstructionsTest" time="0.002"/>
  <testcase name="testModIPv6FlowLabelInstructionHashCode" classname="org.onosproject.net.flow.instructions.InstructionsTest" time="0"/>
  <testcase name="testCreateLambdaMethod" classname="org.onosproject.net.flow.instructions.InstructionsTest" time="0"/>
  <testcase name="testModEtherInstructionHashCode" classname="org.onosproject.net.flow.instructions.InstructionsTest" time="0"/>
  <testcase name="testModL3DstMethod" classname="org.onosproject.net.flow.instructions.InstructionsTest" time="0"/>
  <testcase name="testModOduSignalIdInstructionEquals" classname="org.onosproject.net.flow.instructions.InstructionsTest" time="0.002"/>
  <testcase name="testOutputInstructionHashCode" classname="org.onosproject.net.flow.instructions.InstructionsTest" time="0"/>
  <testcase name="testModLambdaInstructionHashCode" classname="org.onosproject.net.flow.instructions.InstructionsTest" time="0"/>
  <testcase name="testModL2DstMethod" classname="org.onosproject.net.flow.instructions.InstructionsTest" time="0"/>
  <testcase name="testModEtherInstructionEquals" classname="org.onosproject.net.flow.instructions.InstructionsTest" time="0.004"/>
  <testcase name="testModVlanIdMethod" classname="org.onosproject.net.flow.instructions.InstructionsTest" time="0"/>
  <testcase name="testModTcpDstMethod" classname="org.onosproject.net.flow.instructions.InstructionsTest" time="0"/>
  <testcase name="testModMplsLabelInstructionEquals" classname="org.onosproject.net.flow.instructions.InstructionsTest" time="0.002"/>
  <testcase name="testModTunnelIdMethod" classname="org.onosproject.net.flow.instructions.InstructionsTest" time="0.002"/>
  <testcase name="testModTransportPortInstructionEquals" classname="org.onosproject.net.flow.instructions.InstructionsTest" time="0"/>
  <testcase name="testInstructionsUtilityClass" classname="org.onosproject.net.flow.instructions.InstructionsTest" time="0.025"/>
  <testcase name="testModL3IPv6FlowLabelMethod" classname="org.onosproject.net.flow.instructions.InstructionsTest" time="0"/>
  <testcase name="testModVlanPcpMethod" classname="org.onosproject.net.flow.instructions.InstructionsTest" time="0"/>
  <testcase name="testModL3IPv6SrcMethod" classname="org.onosproject.net.flow.instructions.InstructionsTest" time="0.001"/>
  <testcase name="testDropInstructionHashCode" classname="org.onosproject.net.flow.instructions.InstructionsTest" time="0"/>
  <testcase name="testModVlanPcpInstructionHashCode" classname="org.onosproject.net.flow.instructions.InstructionsTest" time="0.001"/>
  <testcase name="testModMplsMethod" classname="org.onosproject.net.flow.instructions.InstructionsTest" time="0"/>
  <testcase name="testModVlanIdInstructionHashCode" classname="org.onosproject.net.flow.instructions.InstructionsTest" time="0"/>
  <testcase name="testDropInstructionEquals" classname="org.onosproject.net.flow.instructions.InstructionsTest" time="0"/>
  <testcase name="testCreateOutputMethod" classname="org.onosproject.net.flow.instructions.InstructionsTest" time="0"/>
  <testcase name="testModIPInstructionEquals" classname="org.onosproject.net.flow.instructions.InstructionsTest" time="0.005"/>
  <testcase name="testModL1OduSignalIdMethod" classname="org.onosproject.net.flow.instructions.InstructionsTest" time="0.001"/>
  <testcase name="testModTransportPortInstructionHashCode" classname="org.onosproject.net.flow.instructions.InstructionsTest" time="0"/>
  <testcase name="testModTunnelIdInstructionEquals" classname="org.onosproject.net.flow.instructions.InstructionsTest" time="0.001"/>
  <testcase name="testModVlanPcpInstructionEquals" classname="org.onosproject.net.flow.instructions.InstructionsTest" time="0.001"/>
  <testcase name="testModIPv6FlowLabelInstructionEquals" classname="org.onosproject.net.flow.instructions.InstructionsTest" time="0.001"/>
  <testcase name="testModL0LambdaMethod" classname="org.onosproject.net.flow.instructions.InstructionsTest" time="0"/>
  <testcase name="testModOchSignalInstructionEquals" classname="org.onosproject.net.flow.instructions.InstructionsTest" time="0.001"/>
  <testcase name="testModOduSignalIdInstructionHashCode" classname="org.onosproject.net.flow.instructions.InstructionsTest" time="0"/>
  <testcase name="testImmutabilityOfInstructions" classname="org.onosproject.net.flow.instructions.InstructionsTest" time="0.004"/>
  <testcase name="testModVlanIdInstructionEquals" classname="org.onosproject.net.flow.instructions.InstructionsTest" time="0.003"/>
  <testcase name="testModL3IPv6DstMethod" classname="org.onosproject.net.flow.instructions.InstructionsTest" time="0.001"/>
  <testcase name="testModIPInstructionHashCode" classname="org.onosproject.net.flow.instructions.InstructionsTest" time="0.001"/>
  <testcase name="testModUdpSrcMethod" classname="org.onosproject.net.flow.instructions.InstructionsTest" time="0.002"/>
  <testcase name="testModTunnelIdInstructionHashCode" classname="org.onosproject.net.flow.instructions.InstructionsTest" time="0.002"/>
  <testcase name="testCreateDropMethod" classname="org.onosproject.net.flow.instructions.InstructionsTest" time="0.004"/>
  <testcase name="testModUdpDstMethod" classname="org.onosproject.net.flow.instructions.InstructionsTest" time="0.001"/>
  <testcase name="testOutputInstructionEquals" classname="org.onosproject.net.flow.instructions.InstructionsTest" time="0.001"/>
  <testcase name="testModL3SrcMethod" classname="org.onosproject.net.flow.instructions.InstructionsTest" time="0.001"/>
</testsuite>