<?xml version="1.0" encoding="UTF-8"?>
<testsuite name="org.onosproject.net.flow.criteria.CriteriaTest" time="0.063" tests="64" errors="0" skipped="0" failures="0">
  <properties>
    <property name="java.runtime.name" value="Java(TM) SE Runtime Environment"/>
    <property name="sun.boot.library.path" value="/usr/lib/jvm/java-8-oracle/jre/lib/amd64"/>
    <property name="java.vm.version" value="25.60-b23"/>
    <property name="java.vm.vendor" value="Oracle Corporation"/>
    <property name="java.vendor.url" value="http://java.oracle.com/"/>
    <property name="path.separator" value=":"/>
    <property name="guice.disable.misplaced.annotation.check" value="true"/>
    <property name="java.vm.name" value="Java HotSpot(TM) 64-Bit Server VM"/>
    <property name="file.encoding.pkg" value="sun.io"/>
    <property name="user.country" value="US"/>
    <property name="sun.java.launcher" value="SUN_STANDARD"/>
    <property name="sun.os.patch.level" value="unknown"/>
    <property name="java.vm.specification.name" value="Java Virtual Machine Specification"/>
    <property name="user.dir" value="/home/parallels/onos-1.2.0-build"/>
    <property name="java.runtime.version" value="1.8.0_60-b27"/>
    <property name="java.awt.graphicsenv" value="sun.awt.X11GraphicsEnvironment"/>
    <property name="java.endorsed.dirs" value="/usr/lib/jvm/java-8-oracle/jre/lib/endorsed"/>
    <property name="os.arch" value="amd64"/>
    <property name="java.io.tmpdir" value="/tmp"/>
    <property name="line.separator" value="&#10;"/>
    <property name="java.vm.specification.vendor" value="Oracle Corporation"/>
    <property name="os.name" value="Linux"/>
    <property name="classworlds.conf" value="/usr/share/maven/bin/m2.conf"/>
    <property name="sun.jnu.encoding" value="UTF-8"/>
    <property name="java.library.path" value="/usr/java/packages/lib/amd64:/usr/lib64:/lib64:/lib:/usr/lib"/>
    <property name="java.specification.name" value="Java Platform API Specification"/>
    <property name="java.class.version" value="52.0"/>
    <property name="sun.management.compiler" value="HotSpot 64-Bit Tiered Compilers"/>
    <property name="os.version" value="3.13.0-34-generic"/>
    <property name="user.home" value="/home/parallels"/>
    <property name="user.timezone" value="America/Los_Angeles"/>
    <property name="java.awt.printerjob" value="sun.print.PSPrinterJob"/>
    <property name="file.encoding" value="UTF-8"/>
    <property name="java.specification.version" value="1.8"/>
    <property name="user.name" value="parallels"/>
    <property name="java.class.path" value="/usr/share/maven/boot/plexus-classworlds-2.x.jar"/>
    <property name="java.vm.specification.version" value="1.8"/>
    <property name="sun.arch.data.model" value="64"/>
    <property name="java.home" value="/usr/lib/jvm/java-8-oracle/jre"/>
    <property name="sun.java.command" value="org.codehaus.plexus.classworlds.launcher.Launcher clean install"/>
    <property name="java.specification.vendor" value="Oracle Corporation"/>
    <property name="user.language" value="en"/>
    <property name="awt.toolkit" value="sun.awt.X11.XToolkit"/>
    <property name="java.vm.info" value="mixed mode"/>
    <property name="java.version" value="1.8.0_60"/>
    <property name="java.ext.dirs" value="/usr/lib/jvm/java-8-oracle/jre/lib/ext:/usr/java/packages/lib/ext"/>
    <property name="securerandom.source" value="file:/dev/./urandom"/>
    <property name="sun.boot.class.path" value="/usr/lib/jvm/java-8-oracle/jre/lib/resources.jar:/usr/lib/jvm/java-8-oracle/jre/lib/rt.jar:/usr/lib/jvm/java-8-oracle/jre/lib/sunrsasign.jar:/usr/lib/jvm/java-8-oracle/jre/lib/jsse.jar:/usr/lib/jvm/java-8-oracle/jre/lib/jce.jar:/usr/lib/jvm/java-8-oracle/jre/lib/charsets.jar:/usr/lib/jvm/java-8-oracle/jre/lib/jfr.jar:/usr/lib/jvm/java-8-oracle/jre/classes"/>
    <property name="java.vendor" value="Oracle Corporation"/>
    <property name="maven.home" value="/usr/share/maven"/>
    <property name="file.separator" value="/"/>
    <property name="java.vendor.url.bug" value="http://bugreport.sun.com/bugreport/"/>
    <property name="sun.cpu.endian" value="little"/>
    <property name="sun.io.unicode.encoding" value="UnicodeLittle"/>
    <property name="sun.desktop" value="gnome"/>
    <property name="sun.cpu.isalist" value=""/>
  </properties>
  <testcase name="testMatchVlanPcpMethod" classname="org.onosproject.net.flow.criteria.CriteriaTest" time="0"/>
  <testcase name="testIPv6ExthdrFlagsCriterionEquals" classname="org.onosproject.net.flow.criteria.CriteriaTest" time="0.001"/>
  <testcase name="testMatchIpProtocolMethod" classname="org.onosproject.net.flow.criteria.CriteriaTest" time="0"/>
  <testcase name="testMatchOduSignalIdMethod" classname="org.onosproject.net.flow.criteria.CriteriaTest" time="0"/>
  <testcase name="testMplsCriterionEquals" classname="org.onosproject.net.flow.criteria.CriteriaTest" time="0"/>
  <testcase name="testMatchTcpSrcMethod" classname="org.onosproject.net.flow.criteria.CriteriaTest" time="0"/>
  <testcase name="testMatchSctpSrcMethod" classname="org.onosproject.net.flow.criteria.CriteriaTest" time="0"/>
  <testcase name="testEthTypeCriterionEquals" classname="org.onosproject.net.flow.criteria.CriteriaTest" time="0.003"/>
  <testcase name="testMatchEthDstMethod" classname="org.onosproject.net.flow.criteria.CriteriaTest" time="0.001"/>
  <testcase name="testOduSignalTypeCriterionEquals" classname="org.onosproject.net.flow.criteria.CriteriaTest" time="0.001"/>
  <testcase name="testMatchOduSignalTypeMethod" classname="org.onosproject.net.flow.criteria.CriteriaTest" time="0"/>
  <testcase name="testOchSignalCriterionEquals" classname="org.onosproject.net.flow.criteria.CriteriaTest" time="0.002"/>
  <testcase name="testIPv6FlowLabelCriterionEquals" classname="org.onosproject.net.flow.criteria.CriteriaTest" time="0"/>
  <testcase name="testCriteriaUtility" classname="org.onosproject.net.flow.criteria.CriteriaTest" time="0"/>
  <testcase name="testMatchIPSrcMethod" classname="org.onosproject.net.flow.criteria.CriteriaTest" time="0"/>
  <testcase name="testMatchIPv6NDTargetAddressMethod" classname="org.onosproject.net.flow.criteria.CriteriaTest" time="0"/>
  <testcase name="testMatchIPv6DstMethod" classname="org.onosproject.net.flow.criteria.CriteriaTest" time="0.001"/>
  <testcase name="testIcmpCodeCriterionEquals" classname="org.onosproject.net.flow.criteria.CriteriaTest" time="0.001"/>
  <testcase name="testMatchVlanIdMethod" classname="org.onosproject.net.flow.criteria.CriteriaTest" time="0.001"/>
  <testcase name="testMatchIPEcnMethod" classname="org.onosproject.net.flow.criteria.CriteriaTest" time="0.001"/>
  <testcase name="testMatchIPv6ExthdrFlagsMethod" classname="org.onosproject.net.flow.criteria.CriteriaTest" time="0.007"/>
  <testcase name="testMatchIcmpv6TypeMethod" classname="org.onosproject.net.flow.criteria.CriteriaTest" time="0"/>
  <testcase name="testVlanPcpCriterionEquals" classname="org.onosproject.net.flow.criteria.CriteriaTest" time="0.001"/>
  <testcase name="testMatchTcpDstMethod" classname="org.onosproject.net.flow.criteria.CriteriaTest" time="0"/>
  <testcase name="testMatchSctpDstMethod" classname="org.onosproject.net.flow.criteria.CriteriaTest" time="0"/>
  <testcase name="testMatchInPortMethod" classname="org.onosproject.net.flow.criteria.CriteriaTest" time="0.001"/>
  <testcase name="testTcpPortCriterionEquals" classname="org.onosproject.net.flow.criteria.CriteriaTest" time="0.002"/>
  <testcase name="testIcmpTypeCriterionEquals" classname="org.onosproject.net.flow.criteria.CriteriaTest" time="0.003"/>
  <testcase name="testIPv6NDTargetAddressCriterionEquals" classname="org.onosproject.net.flow.criteria.CriteriaTest" time="0.003"/>
  <testcase name="testMatchIcmpv6CodeMethod" classname="org.onosproject.net.flow.criteria.CriteriaTest" time="0"/>
  <testcase name="testMatchIPDstMethod" classname="org.onosproject.net.flow.criteria.CriteriaTest" time="0"/>
  <testcase name="testMatchEthTypeMethod" classname="org.onosproject.net.flow.criteria.CriteriaTest" time="0.001"/>
  <testcase name="testOduSignalIdCriterionEquals" classname="org.onosproject.net.flow.criteria.CriteriaTest" time="0.002"/>
  <testcase name="testPortCriterionEquals" classname="org.onosproject.net.flow.criteria.CriteriaTest" time="0.001"/>
  <testcase name="testMetadataCriterionEquals" classname="org.onosproject.net.flow.criteria.CriteriaTest" time="0"/>
  <testcase name="testIPEcnCriterionEquals" classname="org.onosproject.net.flow.criteria.CriteriaTest" time="0.001"/>
  <testcase name="testSctpPortCriterionEquals" classname="org.onosproject.net.flow.criteria.CriteriaTest" time="0.004"/>
  <testcase name="testMatchIPv6NDSourceLinkLayerAddressMethod" classname="org.onosproject.net.flow.criteria.CriteriaTest" time="0.001"/>
  <testcase name="testIPv6NDLinkLayerAddressCriterionEquals" classname="org.onosproject.net.flow.criteria.CriteriaTest" time="0.003"/>
  <testcase name="testIPCriterionEquals" classname="org.onosproject.net.flow.criteria.CriteriaTest" time="0.005"/>
  <testcase name="testVlanIdCriterionEquals" classname="org.onosproject.net.flow.criteria.CriteriaTest" time="0.001"/>
  <testcase name="testMatchIcmpTypeMethod" classname="org.onosproject.net.flow.criteria.CriteriaTest" time="0"/>
  <testcase name="testMatchTunnelIdMethod" classname="org.onosproject.net.flow.criteria.CriteriaTest" time="0"/>
  <testcase name="testIpProtocolCriterionEquals" classname="org.onosproject.net.flow.criteria.CriteriaTest" time="0"/>
  <testcase name="testMatchMetadataMethod" classname="org.onosproject.net.flow.criteria.CriteriaTest" time="0"/>
  <testcase name="testIcmpv6CodeCriterionEquals" classname="org.onosproject.net.flow.criteria.CriteriaTest" time="0"/>
  <testcase name="testMatchUdpSrcMethod" classname="org.onosproject.net.flow.criteria.CriteriaTest" time="0"/>
  <testcase name="testCriteriaImmutability" classname="org.onosproject.net.flow.criteria.CriteriaTest" time="0.004"/>
  <testcase name="testMatchInPhyPortMethod" classname="org.onosproject.net.flow.criteria.CriteriaTest" time="0"/>
  <testcase name="testMatchIcmpCodeMethod" classname="org.onosproject.net.flow.criteria.CriteriaTest" time="0"/>
  <testcase name="testTunnelIdCriterionEquals" classname="org.onosproject.net.flow.criteria.CriteriaTest" time="0.001"/>
  <testcase name="testIcmpv6TypeCriterionEquals" classname="org.onosproject.net.flow.criteria.CriteriaTest" time="0"/>
  <testcase name="testOchSignalTypeCriterionEquals" classname="org.onosproject.net.flow.criteria.CriteriaTest" time="0.001"/>
  <testcase name="testMatchIPDscpMethod" classname="org.onosproject.net.flow.criteria.CriteriaTest" time="0"/>
  <testcase name="testMatchIPv6FlowLabelMethod" classname="org.onosproject.net.flow.criteria.CriteriaTest" time="0"/>
  <testcase name="testEthCriterionEquals" classname="org.onosproject.net.flow.criteria.CriteriaTest" time="0.006"/>
  <testcase name="testMatchEthSrcMethod" classname="org.onosproject.net.flow.criteria.CriteriaTest" time="0"/>
  <testcase name="testUdpPortCriterionEquals" classname="org.onosproject.net.flow.criteria.CriteriaTest" time="0"/>
  <testcase name="testMatchMplsLabelMethod" classname="org.onosproject.net.flow.criteria.CriteriaTest" time="0"/>
  <testcase name="testMatchUdpDstMethod" classname="org.onosproject.net.flow.criteria.CriteriaTest" time="0"/>
  <testcase name="testIPDscpCriterionEquals" classname="org.onosproject.net.flow.criteria.CriteriaTest" time="0.001"/>
  <testcase name="testIndexedLambdaCriterionEquals" classname="org.onosproject.net.flow.criteria.CriteriaTest" time="0.002"/>
  <testcase name="testMatchIPv6NDTargetLinkLayerAddressMethod" classname="org.onosproject.net.flow.criteria.CriteriaTest" time="0"/>
  <testcase name="testMatchIPv6SrcMethod" classname="org.onosproject.net.flow.criteria.CriteriaTest" time="0"/>
</testsuite>