<?xml version="1.0" encoding="UTF-8"?>
<testsuite name="org.onosproject.store.serializers.KryoSerializerTest" time="3.976" tests="45" errors="0" skipped="0" failures="0">
  <properties>
    <property name="java.runtime.name" value="Java(TM) SE Runtime Environment"/>
    <property name="sun.boot.library.path" value="/Library/Java/JavaVirtualMachines/jdk1.8.0_60.jdk/Contents/Home/jre/lib"/>
    <property name="java.vm.version" value="25.60-b23"/>
    <property name="gopherProxySet" value="false"/>
    <property name="java.vm.vendor" value="Oracle Corporation"/>
    <property name="maven.multiModuleProjectDirectory" value="/Users/eunhwanpark/GoogleDrive/SW_Maestro_/onos-1.2.0-custom-build"/>
    <property name="java.vendor.url" value="http://java.oracle.com/"/>
    <property name="path.separator" value=":"/>
    <property name="guice.disable.misplaced.annotation.check" value="true"/>
    <property name="java.vm.name" value="Java HotSpot(TM) 64-Bit Server VM"/>
    <property name="file.encoding.pkg" value="sun.io"/>
    <property name="user.country" value="KR"/>
    <property name="sun.java.launcher" value="SUN_STANDARD"/>
    <property name="sun.os.patch.level" value="unknown"/>
    <property name="java.vm.specification.name" value="Java Virtual Machine Specification"/>
    <property name="user.dir" value="/Users/eunhwanpark/GoogleDrive/SW_Maestro_/onos-1.2.0-custom-build"/>
    <property name="java.runtime.version" value="1.8.0_60-b27"/>
    <property name="java.awt.graphicsenv" value="sun.awt.CGraphicsEnvironment"/>
    <property name="java.endorsed.dirs" value="/Library/Java/JavaVirtualMachines/jdk1.8.0_60.jdk/Contents/Home/jre/lib/endorsed"/>
    <property name="os.arch" value="x86_64"/>
    <property name="java.io.tmpdir" value="/var/folders/h7/r0j04dwx47q_xqnln8bqw6yr0000gn/T/"/>
    <property name="line.separator" value="&#10;"/>
    <property name="java.vm.specification.vendor" value="Oracle Corporation"/>
    <property name="os.name" value="Mac OS X"/>
    <property name="classworlds.conf" value="/usr/local/Cellar/maven/3.3.3/libexec/bin/m2.conf"/>
    <property name="sun.jnu.encoding" value="UTF-8"/>
    <property name="java.library.path" value="/Users/eunhwanpark/Library/Java/Extensions:/Library/Java/Extensions:/Network/Library/Java/Extensions:/System/Library/Java/Extensions:/usr/lib/java:."/>
    <property name="java.specification.name" value="Java Platform API Specification"/>
    <property name="java.class.version" value="52.0"/>
    <property name="sun.management.compiler" value="HotSpot 64-Bit Tiered Compilers"/>
    <property name="os.version" value="10.11"/>
    <property name="http.nonProxyHosts" value="local|*.local|169.254/16|*.169.254/16"/>
    <property name="user.home" value="/Users/eunhwanpark"/>
    <property name="user.timezone" value="Asia/Seoul"/>
    <property name="java.awt.printerjob" value="sun.lwawt.macosx.CPrinterJob"/>
    <property name="java.specification.version" value="1.8"/>
    <property name="file.encoding" value="UTF-8"/>
    <property name="user.name" value="eunhwanpark"/>
    <property name="java.class.path" value="/usr/local/Cellar/maven/3.3.3/libexec/boot/plexus-classworlds-2.5.2.jar"/>
    <property name="java.vm.specification.version" value="1.8"/>
    <property name="sun.arch.data.model" value="64"/>
    <property name="java.home" value="/Library/Java/JavaVirtualMachines/jdk1.8.0_60.jdk/Contents/Home/jre"/>
    <property name="sun.java.command" value="org.codehaus.plexus.classworlds.launcher.Launcher clean install"/>
    <property name="java.specification.vendor" value="Oracle Corporation"/>
    <property name="user.language" value="ko"/>
    <property name="awt.toolkit" value="sun.lwawt.macosx.LWCToolkit"/>
    <property name="java.vm.info" value="mixed mode"/>
    <property name="java.version" value="1.8.0_60"/>
    <property name="java.ext.dirs" value="/Users/eunhwanpark/Library/Java/Extensions:/Library/Java/JavaVirtualMachines/jdk1.8.0_60.jdk/Contents/Home/jre/lib/ext:/Library/Java/Extensions:/Network/Library/Java/Extensions:/System/Library/Java/Extensions:/usr/lib/java"/>
    <property name="sun.boot.class.path" value="/Library/Java/JavaVirtualMachines/jdk1.8.0_60.jdk/Contents/Home/jre/lib/resources.jar:/Library/Java/JavaVirtualMachines/jdk1.8.0_60.jdk/Contents/Home/jre/lib/rt.jar:/Library/Java/JavaVirtualMachines/jdk1.8.0_60.jdk/Contents/Home/jre/lib/sunrsasign.jar:/Library/Java/JavaVirtualMachines/jdk1.8.0_60.jdk/Contents/Home/jre/lib/jsse.jar:/Library/Java/JavaVirtualMachines/jdk1.8.0_60.jdk/Contents/Home/jre/lib/jce.jar:/Library/Java/JavaVirtualMachines/jdk1.8.0_60.jdk/Contents/Home/jre/lib/charsets.jar:/Library/Java/JavaVirtualMachines/jdk1.8.0_60.jdk/Contents/Home/jre/lib/jfr.jar:/Library/Java/JavaVirtualMachines/jdk1.8.0_60.jdk/Contents/Home/jre/classes"/>
    <property name="java.vendor" value="Oracle Corporation"/>
    <property name="maven.home" value="/usr/local/Cellar/maven/3.3.3/libexec"/>
    <property name="file.separator" value="/"/>
    <property name="java.vendor.url.bug" value="http://bugreport.sun.com/bugreport/"/>
    <property name="sun.cpu.endian" value="little"/>
    <property name="sun.io.unicode.encoding" value="UnicodeBig"/>
    <property name="socksNonProxyHosts" value="local|*.local|169.254/16|*.169.254/16"/>
    <property name="ftp.nonProxyHosts" value="local|*.local|169.254/16|*.169.254/16"/>
    <property name="sun.cpu.isalist" value=""/>
  </properties>
  <testcase name="testOchPort" classname="org.onosproject.store.serializers.KryoSerializerTest" time="2.532"/>
  <testcase name="testIpAddress" classname="org.onosproject.store.serializers.KryoSerializerTest" time="0.038"/>
  <testcase name="testBandwidthConstraint" classname="org.onosproject.store.serializers.KryoSerializerTest" time="0.028"/>
  <testcase name="testOmsPort" classname="org.onosproject.store.serializers.KryoSerializerTest" time="0.026"/>
  <testcase name="testAnnotations" classname="org.onosproject.store.serializers.KryoSerializerTest" time="0.032"/>
  <testcase name="testConnectPoint" classname="org.onosproject.store.serializers.KryoSerializerTest" time="0.012"/>
  <testcase name="testOchSignal" classname="org.onosproject.store.serializers.KryoSerializerTest" time="0.016"/>
  <testcase name="testBandwidth" classname="org.onosproject.store.serializers.KryoSerializerTest" time="0.035"/>
  <testcase name="testIp4Prefix" classname="org.onosproject.store.serializers.KryoSerializerTest" time="0.024"/>
  <testcase name="testOduCltPort" classname="org.onosproject.store.serializers.KryoSerializerTest" time="0.03"/>
  <testcase name="testArraysAsList" classname="org.onosproject.store.serializers.KryoSerializerTest" time="0.019"/>
  <testcase name="testDefaultLink" classname="org.onosproject.store.serializers.KryoSerializerTest" time="0.028"/>
  <testcase name="testDefaultPort" classname="org.onosproject.store.serializers.KryoSerializerTest" time="0.07"/>
  <testcase name="testPortNumber" classname="org.onosproject.store.serializers.KryoSerializerTest" time="0.016"/>
  <testcase name="testIndexedLambda" classname="org.onosproject.store.serializers.KryoSerializerTest" time="0.011"/>
  <testcase name="testProviderId" classname="org.onosproject.store.serializers.KryoSerializerTest" time="0.053"/>
  <testcase name="testIp6Address" classname="org.onosproject.store.serializers.KryoSerializerTest" time="0.024"/>
  <testcase name="testLinkKey" classname="org.onosproject.store.serializers.KryoSerializerTest" time="0.018"/>
  <testcase name="testObstacleConstraint" classname="org.onosproject.store.serializers.KryoSerializerTest" time="0.041"/>
  <testcase name="testLatencyConstraint" classname="org.onosproject.store.serializers.KryoSerializerTest" time="0.02"/>
  <testcase name="testRoleInfo" classname="org.onosproject.store.serializers.KryoSerializerTest" time="0.027"/>
  <testcase name="testIp4Address" classname="org.onosproject.store.serializers.KryoSerializerTest" time="0.02"/>
  <testcase name="testImmutableList" classname="org.onosproject.store.serializers.KryoSerializerTest" time="0.013"/>
  <testcase name="testIp6Prefix" classname="org.onosproject.store.serializers.KryoSerializerTest" time="0.062"/>
  <testcase name="testFrequency" classname="org.onosproject.store.serializers.KryoSerializerTest" time="0.044"/>
  <testcase name="testResourcePath" classname="org.onosproject.store.serializers.KryoSerializerTest" time="0.022"/>
  <testcase name="testDefaultGroupId" classname="org.onosproject.store.serializers.KryoSerializerTest" time="0.175"/>
  <testcase name="testFlowRuleBatchEntry" classname="org.onosproject.store.serializers.KryoSerializerTest" time="0.086"/>
  <testcase name="testLambdaConstraint" classname="org.onosproject.store.serializers.KryoSerializerTest" time="0.019"/>
  <testcase name="testHostLocation" classname="org.onosproject.store.serializers.KryoSerializerTest" time="0.023"/>
  <testcase name="testFlowId" classname="org.onosproject.store.serializers.KryoSerializerTest" time="0.033"/>
  <testcase name="testMacAddress" classname="org.onosproject.store.serializers.KryoSerializerTest" time="0.094"/>
  <testcase name="testDefaultLinkResourceAllocations" classname="org.onosproject.store.serializers.KryoSerializerTest" time="0.043"/>
  <testcase name="testImmutableMap" classname="org.onosproject.store.serializers.KryoSerializerTest" time="0.052"/>
  <testcase name="testImmutableSet" classname="org.onosproject.store.serializers.KryoSerializerTest" time="0.009"/>
  <testcase name="testNodeId" classname="org.onosproject.store.serializers.KryoSerializerTest" time="0.018"/>
  <testcase name="testAnnotationConstraint" classname="org.onosproject.store.serializers.KryoSerializerTest" time="0.025"/>
  <testcase name="testWaypointConstraint" classname="org.onosproject.store.serializers.KryoSerializerTest" time="0.019"/>
  <testcase name="testDeviceId" classname="org.onosproject.store.serializers.KryoSerializerTest" time="0.007"/>
  <testcase name="testResourceAllocation" classname="org.onosproject.store.serializers.KryoSerializerTest" time="0.063"/>
  <testcase name="testEmptySet" classname="org.onosproject.store.serializers.KryoSerializerTest" time="0.01"/>
  <testcase name="testMastershipTerm" classname="org.onosproject.store.serializers.KryoSerializerTest" time="0.009"/>
  <testcase name="testDefaultLinkResourceRequest" classname="org.onosproject.store.serializers.KryoSerializerTest" time="0.014"/>
  <testcase name="testLinkTypeConstraint" classname="org.onosproject.store.serializers.KryoSerializerTest" time="0.007"/>
  <testcase name="testIpPrefix" classname="org.onosproject.store.serializers.KryoSerializerTest" time="0.009"/>
</testsuite>