<?xml version="1.0" encoding="UTF-8"?>
<testsuite name="org.onosproject.store.serializers.KryoSerializerTest" time="1.768" tests="45" errors="0" skipped="0" failures="0">
  <properties>
    <property name="java.runtime.name" value="Java(TM) SE Runtime Environment"/>
    <property name="sun.boot.library.path" value="/usr/lib/jvm/java-8-oracle/jre/lib/amd64"/>
    <property name="java.vm.version" value="25.60-b23"/>
    <property name="java.vm.vendor" value="Oracle Corporation"/>
    <property name="java.vendor.url" value="http://java.oracle.com/"/>
    <property name="path.separator" value=":"/>
    <property name="guice.disable.misplaced.annotation.check" value="true"/>
    <property name="java.vm.name" value="Java HotSpot(TM) 64-Bit Server VM"/>
    <property name="file.encoding.pkg" value="sun.io"/>
    <property name="user.country" value="US"/>
    <property name="sun.java.launcher" value="SUN_STANDARD"/>
    <property name="sun.os.patch.level" value="unknown"/>
    <property name="java.vm.specification.name" value="Java Virtual Machine Specification"/>
    <property name="user.dir" value="/home/parallels/onos-1.2.0-build"/>
    <property name="java.runtime.version" value="1.8.0_60-b27"/>
    <property name="java.awt.graphicsenv" value="sun.awt.X11GraphicsEnvironment"/>
    <property name="java.endorsed.dirs" value="/usr/lib/jvm/java-8-oracle/jre/lib/endorsed"/>
    <property name="os.arch" value="amd64"/>
    <property name="java.io.tmpdir" value="/tmp"/>
    <property name="line.separator" value="&#10;"/>
    <property name="java.vm.specification.vendor" value="Oracle Corporation"/>
    <property name="os.name" value="Linux"/>
    <property name="classworlds.conf" value="/usr/share/maven/bin/m2.conf"/>
    <property name="sun.jnu.encoding" value="UTF-8"/>
    <property name="java.library.path" value="/usr/java/packages/lib/amd64:/usr/lib64:/lib64:/lib:/usr/lib"/>
    <property name="java.specification.name" value="Java Platform API Specification"/>
    <property name="java.class.version" value="52.0"/>
    <property name="sun.management.compiler" value="HotSpot 64-Bit Tiered Compilers"/>
    <property name="os.version" value="3.13.0-34-generic"/>
    <property name="user.home" value="/home/parallels"/>
    <property name="user.timezone" value="America/Los_Angeles"/>
    <property name="java.awt.printerjob" value="sun.print.PSPrinterJob"/>
    <property name="file.encoding" value="UTF-8"/>
    <property name="java.specification.version" value="1.8"/>
    <property name="user.name" value="parallels"/>
    <property name="java.class.path" value="/usr/share/maven/boot/plexus-classworlds-2.x.jar"/>
    <property name="java.vm.specification.version" value="1.8"/>
    <property name="sun.arch.data.model" value="64"/>
    <property name="java.home" value="/usr/lib/jvm/java-8-oracle/jre"/>
    <property name="sun.java.command" value="org.codehaus.plexus.classworlds.launcher.Launcher clean install"/>
    <property name="java.specification.vendor" value="Oracle Corporation"/>
    <property name="user.language" value="en"/>
    <property name="awt.toolkit" value="sun.awt.X11.XToolkit"/>
    <property name="java.vm.info" value="mixed mode"/>
    <property name="java.version" value="1.8.0_60"/>
    <property name="java.ext.dirs" value="/usr/lib/jvm/java-8-oracle/jre/lib/ext:/usr/java/packages/lib/ext"/>
    <property name="securerandom.source" value="file:/dev/./urandom"/>
    <property name="sun.boot.class.path" value="/usr/lib/jvm/java-8-oracle/jre/lib/resources.jar:/usr/lib/jvm/java-8-oracle/jre/lib/rt.jar:/usr/lib/jvm/java-8-oracle/jre/lib/sunrsasign.jar:/usr/lib/jvm/java-8-oracle/jre/lib/jsse.jar:/usr/lib/jvm/java-8-oracle/jre/lib/jce.jar:/usr/lib/jvm/java-8-oracle/jre/lib/charsets.jar:/usr/lib/jvm/java-8-oracle/jre/lib/jfr.jar:/usr/lib/jvm/java-8-oracle/jre/classes"/>
    <property name="java.vendor" value="Oracle Corporation"/>
    <property name="maven.home" value="/usr/share/maven"/>
    <property name="file.separator" value="/"/>
    <property name="java.vendor.url.bug" value="http://bugreport.sun.com/bugreport/"/>
    <property name="sun.cpu.endian" value="little"/>
    <property name="sun.io.unicode.encoding" value="UnicodeLittle"/>
    <property name="sun.desktop" value="gnome"/>
    <property name="sun.cpu.isalist" value=""/>
  </properties>
  <testcase name="testOchPort" classname="org.onosproject.store.serializers.KryoSerializerTest" time="1.025"/>
  <testcase name="testIpAddress" classname="org.onosproject.store.serializers.KryoSerializerTest" time="0.026"/>
  <testcase name="testBandwidthConstraint" classname="org.onosproject.store.serializers.KryoSerializerTest" time="0.029"/>
  <testcase name="testOmsPort" classname="org.onosproject.store.serializers.KryoSerializerTest" time="0.047"/>
  <testcase name="testAnnotations" classname="org.onosproject.store.serializers.KryoSerializerTest" time="0.015"/>
  <testcase name="testConnectPoint" classname="org.onosproject.store.serializers.KryoSerializerTest" time="0.016"/>
  <testcase name="testOchSignal" classname="org.onosproject.store.serializers.KryoSerializerTest" time="0.016"/>
  <testcase name="testBandwidth" classname="org.onosproject.store.serializers.KryoSerializerTest" time="0.018"/>
  <testcase name="testIp4Prefix" classname="org.onosproject.store.serializers.KryoSerializerTest" time="0.026"/>
  <testcase name="testOduCltPort" classname="org.onosproject.store.serializers.KryoSerializerTest" time="0.009"/>
  <testcase name="testArraysAsList" classname="org.onosproject.store.serializers.KryoSerializerTest" time="0.008"/>
  <testcase name="testDefaultLink" classname="org.onosproject.store.serializers.KryoSerializerTest" time="0.025"/>
  <testcase name="testDefaultPort" classname="org.onosproject.store.serializers.KryoSerializerTest" time="0.054"/>
  <testcase name="testPortNumber" classname="org.onosproject.store.serializers.KryoSerializerTest" time="0.01"/>
  <testcase name="testIndexedLambda" classname="org.onosproject.store.serializers.KryoSerializerTest" time="0.012"/>
  <testcase name="testProviderId" classname="org.onosproject.store.serializers.KryoSerializerTest" time="0.012"/>
  <testcase name="testIp6Address" classname="org.onosproject.store.serializers.KryoSerializerTest" time="0.02"/>
  <testcase name="testLinkKey" classname="org.onosproject.store.serializers.KryoSerializerTest" time="0.012"/>
  <testcase name="testObstacleConstraint" classname="org.onosproject.store.serializers.KryoSerializerTest" time="0.007"/>
  <testcase name="testLatencyConstraint" classname="org.onosproject.store.serializers.KryoSerializerTest" time="0.008"/>
  <testcase name="testRoleInfo" classname="org.onosproject.store.serializers.KryoSerializerTest" time="0.023"/>
  <testcase name="testIp4Address" classname="org.onosproject.store.serializers.KryoSerializerTest" time="0.014"/>
  <testcase name="testImmutableList" classname="org.onosproject.store.serializers.KryoSerializerTest" time="0.012"/>
  <testcase name="testIp6Prefix" classname="org.onosproject.store.serializers.KryoSerializerTest" time="0.012"/>
  <testcase name="testFrequency" classname="org.onosproject.store.serializers.KryoSerializerTest" time="0.007"/>
  <testcase name="testResourcePath" classname="org.onosproject.store.serializers.KryoSerializerTest" time="0.019"/>
  <testcase name="testDefaultGroupId" classname="org.onosproject.store.serializers.KryoSerializerTest" time="0.009"/>
  <testcase name="testFlowRuleBatchEntry" classname="org.onosproject.store.serializers.KryoSerializerTest" time="0.055"/>
  <testcase name="testLambdaConstraint" classname="org.onosproject.store.serializers.KryoSerializerTest" time="0.009"/>
  <testcase name="testHostLocation" classname="org.onosproject.store.serializers.KryoSerializerTest" time="0.009"/>
  <testcase name="testFlowId" classname="org.onosproject.store.serializers.KryoSerializerTest" time="0.007"/>
  <testcase name="testMacAddress" classname="org.onosproject.store.serializers.KryoSerializerTest" time="0.013"/>
  <testcase name="testDefaultLinkResourceAllocations" classname="org.onosproject.store.serializers.KryoSerializerTest" time="0.041"/>
  <testcase name="testImmutableMap" classname="org.onosproject.store.serializers.KryoSerializerTest" time="0.03"/>
  <testcase name="testImmutableSet" classname="org.onosproject.store.serializers.KryoSerializerTest" time="0.017"/>
  <testcase name="testNodeId" classname="org.onosproject.store.serializers.KryoSerializerTest" time="0.01"/>
  <testcase name="testAnnotationConstraint" classname="org.onosproject.store.serializers.KryoSerializerTest" time="0.005"/>
  <testcase name="testWaypointConstraint" classname="org.onosproject.store.serializers.KryoSerializerTest" time="0.008"/>
  <testcase name="testDeviceId" classname="org.onosproject.store.serializers.KryoSerializerTest" time="0.005"/>
  <testcase name="testResourceAllocation" classname="org.onosproject.store.serializers.KryoSerializerTest" time="0.016"/>
  <testcase name="testEmptySet" classname="org.onosproject.store.serializers.KryoSerializerTest" time="0.014"/>
  <testcase name="testMastershipTerm" classname="org.onosproject.store.serializers.KryoSerializerTest" time="0.011"/>
  <testcase name="testDefaultLinkResourceRequest" classname="org.onosproject.store.serializers.KryoSerializerTest" time="0.011"/>
  <testcase name="testLinkTypeConstraint" classname="org.onosproject.store.serializers.KryoSerializerTest" time="0.006"/>
  <testcase name="testIpPrefix" classname="org.onosproject.store.serializers.KryoSerializerTest" time="0.01"/>
</testsuite>