<?xml version="1.0" encoding="UTF-8"?>
<testsuite name="org.onosproject.store.trivial.SimpleLinkStoreTest" time="0.068" tests="16" errors="0" skipped="1" failures="0">
  <properties>
    <property name="java.runtime.name" value="Java(TM) SE Runtime Environment"/>
    <property name="sun.boot.library.path" value="/Library/Java/JavaVirtualMachines/jdk1.8.0_60.jdk/Contents/Home/jre/lib"/>
    <property name="java.vm.version" value="25.60-b23"/>
    <property name="gopherProxySet" value="false"/>
    <property name="java.vm.vendor" value="Oracle Corporation"/>
    <property name="maven.multiModuleProjectDirectory" value="/Users/eunhwanpark/GoogleDrive/SW_Maestro_/onos-1.2.0-custom-build"/>
    <property name="java.vendor.url" value="http://java.oracle.com/"/>
    <property name="path.separator" value=":"/>
    <property name="guice.disable.misplaced.annotation.check" value="true"/>
    <property name="java.vm.name" value="Java HotSpot(TM) 64-Bit Server VM"/>
    <property name="file.encoding.pkg" value="sun.io"/>
    <property name="user.country" value="KR"/>
    <property name="sun.java.launcher" value="SUN_STANDARD"/>
    <property name="sun.os.patch.level" value="unknown"/>
    <property name="java.vm.specification.name" value="Java Virtual Machine Specification"/>
    <property name="user.dir" value="/Users/eunhwanpark/GoogleDrive/SW_Maestro_/onos-1.2.0-custom-build"/>
    <property name="java.runtime.version" value="1.8.0_60-b27"/>
    <property name="java.awt.graphicsenv" value="sun.awt.CGraphicsEnvironment"/>
    <property name="java.endorsed.dirs" value="/Library/Java/JavaVirtualMachines/jdk1.8.0_60.jdk/Contents/Home/jre/lib/endorsed"/>
    <property name="os.arch" value="x86_64"/>
    <property name="java.io.tmpdir" value="/var/folders/h7/r0j04dwx47q_xqnln8bqw6yr0000gn/T/"/>
    <property name="line.separator" value="&#10;"/>
    <property name="java.vm.specification.vendor" value="Oracle Corporation"/>
    <property name="os.name" value="Mac OS X"/>
    <property name="classworlds.conf" value="/usr/local/Cellar/maven/3.3.3/libexec/bin/m2.conf"/>
    <property name="sun.jnu.encoding" value="UTF-8"/>
    <property name="java.library.path" value="/Users/eunhwanpark/Library/Java/Extensions:/Library/Java/Extensions:/Network/Library/Java/Extensions:/System/Library/Java/Extensions:/usr/lib/java:."/>
    <property name="java.specification.name" value="Java Platform API Specification"/>
    <property name="java.class.version" value="52.0"/>
    <property name="sun.management.compiler" value="HotSpot 64-Bit Tiered Compilers"/>
    <property name="os.version" value="10.11"/>
    <property name="http.nonProxyHosts" value="local|*.local|169.254/16|*.169.254/16"/>
    <property name="user.home" value="/Users/eunhwanpark"/>
    <property name="user.timezone" value="Asia/Seoul"/>
    <property name="java.awt.printerjob" value="sun.lwawt.macosx.CPrinterJob"/>
    <property name="java.specification.version" value="1.8"/>
    <property name="file.encoding" value="UTF-8"/>
    <property name="user.name" value="eunhwanpark"/>
    <property name="java.class.path" value="/usr/local/Cellar/maven/3.3.3/libexec/boot/plexus-classworlds-2.5.2.jar"/>
    <property name="java.vm.specification.version" value="1.8"/>
    <property name="sun.arch.data.model" value="64"/>
    <property name="java.home" value="/Library/Java/JavaVirtualMachines/jdk1.8.0_60.jdk/Contents/Home/jre"/>
    <property name="sun.java.command" value="org.codehaus.plexus.classworlds.launcher.Launcher clean install"/>
    <property name="java.specification.vendor" value="Oracle Corporation"/>
    <property name="user.language" value="ko"/>
    <property name="awt.toolkit" value="sun.lwawt.macosx.LWCToolkit"/>
    <property name="java.vm.info" value="mixed mode"/>
    <property name="java.version" value="1.8.0_60"/>
    <property name="java.ext.dirs" value="/Users/eunhwanpark/Library/Java/Extensions:/Library/Java/JavaVirtualMachines/jdk1.8.0_60.jdk/Contents/Home/jre/lib/ext:/Library/Java/Extensions:/Network/Library/Java/Extensions:/System/Library/Java/Extensions:/usr/lib/java"/>
    <property name="sun.boot.class.path" value="/Library/Java/JavaVirtualMachines/jdk1.8.0_60.jdk/Contents/Home/jre/lib/resources.jar:/Library/Java/JavaVirtualMachines/jdk1.8.0_60.jdk/Contents/Home/jre/lib/rt.jar:/Library/Java/JavaVirtualMachines/jdk1.8.0_60.jdk/Contents/Home/jre/lib/sunrsasign.jar:/Library/Java/JavaVirtualMachines/jdk1.8.0_60.jdk/Contents/Home/jre/lib/jsse.jar:/Library/Java/JavaVirtualMachines/jdk1.8.0_60.jdk/Contents/Home/jre/lib/jce.jar:/Library/Java/JavaVirtualMachines/jdk1.8.0_60.jdk/Contents/Home/jre/lib/charsets.jar:/Library/Java/JavaVirtualMachines/jdk1.8.0_60.jdk/Contents/Home/jre/lib/jfr.jar:/Library/Java/JavaVirtualMachines/jdk1.8.0_60.jdk/Contents/Home/jre/classes"/>
    <property name="java.vendor" value="Oracle Corporation"/>
    <property name="maven.home" value="/usr/local/Cellar/maven/3.3.3/libexec"/>
    <property name="file.separator" value="/"/>
    <property name="java.vendor.url.bug" value="http://bugreport.sun.com/bugreport/"/>
    <property name="sun.cpu.endian" value="little"/>
    <property name="sun.io.unicode.encoding" value="UnicodeBig"/>
    <property name="socksNonProxyHosts" value="local|*.local|169.254/16|*.169.254/16"/>
    <property name="ftp.nonProxyHosts" value="local|*.local|169.254/16|*.169.254/16"/>
    <property name="sun.cpu.isalist" value=""/>
  </properties>
  <testcase name="testGetLinks" classname="org.onosproject.store.trivial.SimpleLinkStoreTest" time="0.039"/>
  <testcase name="testGetDeviceEgressLinks" classname="org.onosproject.store.trivial.SimpleLinkStoreTest" time="0.004"/>
  <testcase name="testGetLinkCount" classname="org.onosproject.store.trivial.SimpleLinkStoreTest" time="0.001"/>
  <testcase name="testGetLink" classname="org.onosproject.store.trivial.SimpleLinkStoreTest" time="0.006"/>
  <testcase name="testRemoveOrDownLinkDurable" classname="org.onosproject.store.trivial.SimpleLinkStoreTest" time="0.002"/>
  <testcase name="testGetDeviceIngressLinks" classname="org.onosproject.store.trivial.SimpleLinkStoreTest" time="0.001"/>
  <testcase name="testRemoveLink" classname="org.onosproject.store.trivial.SimpleLinkStoreTest" time="0.004"/>
  <testcase name="testCreateOrUpdateLink" classname="org.onosproject.store.trivial.SimpleLinkStoreTest" time="0.002"/>
  <testcase name="testGetEgressLinks" classname="org.onosproject.store.trivial.SimpleLinkStoreTest" time="0.002"/>
  <testcase name="testCreateOrUpdateLinkAncillary" classname="org.onosproject.store.trivial.SimpleLinkStoreTest" time="0.002"/>
  <testcase name="testDurableToNonDurable" classname="org.onosproject.store.trivial.SimpleLinkStoreTest" time="0.001"/>
  <testcase name="testAncillaryVisible" classname="org.onosproject.store.trivial.SimpleLinkStoreTest" time="0.001"/>
  <testcase name="testRemoveOrDownLink" classname="org.onosproject.store.trivial.SimpleLinkStoreTest" time="0.001"/>
  <testcase name="testEvents" classname="org.onosproject.store.trivial.SimpleLinkStoreTest" time="0">
    <skipped message="Ignore until Delegate spec. is clear."/>
  </testcase>
  <testcase name="testGetIngressLinks" classname="org.onosproject.store.trivial.SimpleLinkStoreTest" time="0.001"/>
  <testcase name="testNonDurableToDurable" classname="org.onosproject.store.trivial.SimpleLinkStoreTest" time="0.001"/>
</testsuite>