<?xml version="1.0" encoding="UTF-8"?>
<testsuite name="org.onosproject.codec.impl.CriterionCodecTest" time="0.124" tests="34" errors="0" skipped="0" failures="0">
  <properties>
    <property name="java.runtime.name" value="Java(TM) SE Runtime Environment"/>
    <property name="sun.boot.library.path" value="/usr/lib/jvm/java-8-oracle/jre/lib/amd64"/>
    <property name="java.vm.version" value="25.60-b23"/>
    <property name="java.vm.vendor" value="Oracle Corporation"/>
    <property name="java.vendor.url" value="http://java.oracle.com/"/>
    <property name="path.separator" value=":"/>
    <property name="guice.disable.misplaced.annotation.check" value="true"/>
    <property name="java.vm.name" value="Java HotSpot(TM) 64-Bit Server VM"/>
    <property name="file.encoding.pkg" value="sun.io"/>
    <property name="user.country" value="US"/>
    <property name="sun.java.launcher" value="SUN_STANDARD"/>
    <property name="sun.os.patch.level" value="unknown"/>
    <property name="java.vm.specification.name" value="Java Virtual Machine Specification"/>
    <property name="user.dir" value="/home/parallels/onos-1.2.0-build"/>
    <property name="java.runtime.version" value="1.8.0_60-b27"/>
    <property name="java.awt.graphicsenv" value="sun.awt.X11GraphicsEnvironment"/>
    <property name="java.endorsed.dirs" value="/usr/lib/jvm/java-8-oracle/jre/lib/endorsed"/>
    <property name="os.arch" value="amd64"/>
    <property name="java.io.tmpdir" value="/tmp"/>
    <property name="line.separator" value="&#10;"/>
    <property name="java.vm.specification.vendor" value="Oracle Corporation"/>
    <property name="os.name" value="Linux"/>
    <property name="classworlds.conf" value="/usr/share/maven/bin/m2.conf"/>
    <property name="sun.jnu.encoding" value="UTF-8"/>
    <property name="java.library.path" value="/usr/java/packages/lib/amd64:/usr/lib64:/lib64:/lib:/usr/lib"/>
    <property name="java.specification.name" value="Java Platform API Specification"/>
    <property name="java.class.version" value="52.0"/>
    <property name="sun.management.compiler" value="HotSpot 64-Bit Tiered Compilers"/>
    <property name="os.version" value="3.13.0-34-generic"/>
    <property name="user.home" value="/home/parallels"/>
    <property name="user.timezone" value="America/Los_Angeles"/>
    <property name="java.awt.printerjob" value="sun.print.PSPrinterJob"/>
    <property name="file.encoding" value="UTF-8"/>
    <property name="java.specification.version" value="1.8"/>
    <property name="user.name" value="parallels"/>
    <property name="java.class.path" value="/usr/share/maven/boot/plexus-classworlds-2.x.jar"/>
    <property name="java.vm.specification.version" value="1.8"/>
    <property name="sun.arch.data.model" value="64"/>
    <property name="java.home" value="/usr/lib/jvm/java-8-oracle/jre"/>
    <property name="sun.java.command" value="org.codehaus.plexus.classworlds.launcher.Launcher clean install"/>
    <property name="java.specification.vendor" value="Oracle Corporation"/>
    <property name="user.language" value="en"/>
    <property name="awt.toolkit" value="sun.awt.X11.XToolkit"/>
    <property name="java.vm.info" value="mixed mode"/>
    <property name="java.version" value="1.8.0_60"/>
    <property name="java.ext.dirs" value="/usr/lib/jvm/java-8-oracle/jre/lib/ext:/usr/java/packages/lib/ext"/>
    <property name="securerandom.source" value="file:/dev/./urandom"/>
    <property name="sun.boot.class.path" value="/usr/lib/jvm/java-8-oracle/jre/lib/resources.jar:/usr/lib/jvm/java-8-oracle/jre/lib/rt.jar:/usr/lib/jvm/java-8-oracle/jre/lib/sunrsasign.jar:/usr/lib/jvm/java-8-oracle/jre/lib/jsse.jar:/usr/lib/jvm/java-8-oracle/jre/lib/jce.jar:/usr/lib/jvm/java-8-oracle/jre/lib/charsets.jar:/usr/lib/jvm/java-8-oracle/jre/lib/jfr.jar:/usr/lib/jvm/java-8-oracle/jre/classes"/>
    <property name="java.vendor" value="Oracle Corporation"/>
    <property name="maven.home" value="/usr/share/maven"/>
    <property name="file.separator" value="/"/>
    <property name="java.vendor.url.bug" value="http://bugreport.sun.com/bugreport/"/>
    <property name="sun.cpu.endian" value="little"/>
    <property name="sun.io.unicode.encoding" value="UnicodeLittle"/>
    <property name="sun.desktop" value="gnome"/>
    <property name="sun.cpu.isalist" value=""/>
  </properties>
  <testcase name="matchIPSrcTest" classname="org.onosproject.codec.impl.CriterionCodecTest" time="0.012"/>
  <testcase name="matchIPEcnTest" classname="org.onosproject.codec.impl.CriterionCodecTest" time="0.002"/>
  <testcase name="matchIPv6ExthdrFlagsTest" classname="org.onosproject.codec.impl.CriterionCodecTest" time="0.004"/>
  <testcase name="matchEthSrcTest" classname="org.onosproject.codec.impl.CriterionCodecTest" time="0.002"/>
  <testcase name="matchIPv6NDSourceLinkLayerAddressTest" classname="org.onosproject.codec.impl.CriterionCodecTest" time="0.001"/>
  <testcase name="matchVlanIdTest" classname="org.onosproject.codec.impl.CriterionCodecTest" time="0.002"/>
  <testcase name="checkCriterionTypes" classname="org.onosproject.codec.impl.CriterionCodecTest" time="0.006"/>
  <testcase name="matchIPv6DstTest" classname="org.onosproject.codec.impl.CriterionCodecTest" time="0.005"/>
  <testcase name="matchUdpDstTest" classname="org.onosproject.codec.impl.CriterionCodecTest" time="0.003"/>
  <testcase name="matchEthTypeTest" classname="org.onosproject.codec.impl.CriterionCodecTest" time="0.001"/>
  <testcase name="matchIPv6SrcTest" classname="org.onosproject.codec.impl.CriterionCodecTest" time="0.006"/>
  <testcase name="matchUdpSrcTest" classname="org.onosproject.codec.impl.CriterionCodecTest" time="0.002"/>
  <testcase name="matchIPv6NDTargetAddressTest" classname="org.onosproject.codec.impl.CriterionCodecTest" time="0.003"/>
  <testcase name="matchOchSignal" classname="org.onosproject.codec.impl.CriterionCodecTest" time="0.003"/>
  <testcase name="matchIPv6FlowLabelTest" classname="org.onosproject.codec.impl.CriterionCodecTest" time="0.003"/>
  <testcase name="matchVlanPcpTest" classname="org.onosproject.codec.impl.CriterionCodecTest" time="0.008"/>
  <testcase name="matchInPortTest" classname="org.onosproject.codec.impl.CriterionCodecTest" time="0.003"/>
  <testcase name="matchMplsLabelTest" classname="org.onosproject.codec.impl.CriterionCodecTest" time="0.003"/>
  <testcase name="matchIPv6NDTargetLinkLayerAddressTest" classname="org.onosproject.codec.impl.CriterionCodecTest" time="0.004"/>
  <testcase name="matchSctpDstTest" classname="org.onosproject.codec.impl.CriterionCodecTest" time="0.003"/>
  <testcase name="matchIcmpv6CodeTest" classname="org.onosproject.codec.impl.CriterionCodecTest" time="0.008"/>
  <testcase name="matchSctpSrcTest" classname="org.onosproject.codec.impl.CriterionCodecTest" time="0.003"/>
  <testcase name="matchMetadataTest" classname="org.onosproject.codec.impl.CriterionCodecTest" time="0.003"/>
  <testcase name="matchOchSignalTypeTest" classname="org.onosproject.codec.impl.CriterionCodecTest" time="0.005"/>
  <testcase name="matchIcmpv6TypeTest" classname="org.onosproject.codec.impl.CriterionCodecTest" time="0.007"/>
  <testcase name="matchTcpDstTest" classname="org.onosproject.codec.impl.CriterionCodecTest" time="0.003"/>
  <testcase name="matchIcmpCodeTest" classname="org.onosproject.codec.impl.CriterionCodecTest" time="0.002"/>
  <testcase name="matchTcpSrcTest" classname="org.onosproject.codec.impl.CriterionCodecTest" time="0.001"/>
  <testcase name="matchIcmpTypeTest" classname="org.onosproject.codec.impl.CriterionCodecTest" time="0.002"/>
  <testcase name="matchInPhyPortTest" classname="org.onosproject.codec.impl.CriterionCodecTest" time="0.002"/>
  <testcase name="matchIPProtocolTest" classname="org.onosproject.codec.impl.CriterionCodecTest" time="0.002"/>
  <testcase name="matchIPDscpTest" classname="org.onosproject.codec.impl.CriterionCodecTest" time="0.001"/>
  <testcase name="matchIPDstTest" classname="org.onosproject.codec.impl.CriterionCodecTest" time="0.007"/>
  <testcase name="matchEthDstTest" classname="org.onosproject.codec.impl.CriterionCodecTest" time="0.002"/>
</testsuite>